11:07:20 [App     ] Build date: Aug 29 2022, 19:34:49
11:07:20 [App     ] CPU: AMD Ryzen 7 5800H with Radeon Graphics          (16 cores)
11:07:20 [App     ] RAM: 15.86GB Physical Memory 25.00GB Virtual Memory
11:07:20 [App     ] OS: Linux 4.4.0-22621-Microsoft (x86_64)
11:07:20 [App     ] Disk: 55.99GB (150.00GB) space
11:07:20 [App     ] SSE & AVX compatible CPU & OS detected
11:07:20 [App     ] Command line: TextureMesh scene_dense_mesh.mvs
11:07:20 [App     ] Scene loaded (153ms):
	11 images (11 calibrated) with a total of 127.91 MPixels (11.63 MPixels/image)
	0 points, 338242 vertices, 675557 faces
11:07:49 [App     ] Assigning the best view to each face completed: 675557 faces (28s159ms)
11:07:55 [App     ] Generating texture atlas and image completed: 2406 patches, 8192 image size (6s495ms)
11:07:55 [App     ] Mesh texturing completed: 338242 vertices, 675557 faces (34s672ms)
11:08:00 [App     ] Scene saved (4s405ms):
	11 images (11 calibrated)
	0 points, 338242 vertices, 675557 faces
11:08:01 [App     ] Mesh saved: 338242 vertices, 675557 faces (1s380ms)
11:08:01 [App     ] MEMORYINFO: {
11:08:01 [App     ] 	VmPeak:	0 kB
11:08:01 [App     ] 	VmSize:	2869628 kB
11:08:01 [App     ] } ENDINFO
